
Circuit 1 cell sky130_fd_pr__nfet_01v8 and Circuit 2 cell sky130_fd_pr__nfet_01v8 are black boxes.
Warning: Equate pins:  cell sky130_fd_pr__nfet_01v8 is a placeholder, treated as a black box.
Warning: Equate pins:  cell sky130_fd_pr__nfet_01v8 is a placeholder, treated as a black box.

Subcircuit pins:
Circuit 1: sky130_fd_pr__nfet_01v8         |Circuit 2: sky130_fd_pr__nfet_01v8         
-------------------------------------------|-------------------------------------------
1                                          |1                                          
2                                          |2                                          
3                                          |3                                          
4                                          |4                                          
---------------------------------------------------------------------------------------
Cell pin lists are equivalent.
Device classes sky130_fd_pr__nfet_01v8 and sky130_fd_pr__nfet_01v8 are equivalent.

Circuit 1 cell sky130_fd_pr__pfet_01v8 and Circuit 2 cell sky130_fd_pr__pfet_01v8 are black boxes.
Warning: Equate pins:  cell sky130_fd_pr__pfet_01v8 is a placeholder, treated as a black box.
Warning: Equate pins:  cell sky130_fd_pr__pfet_01v8 is a placeholder, treated as a black box.

Subcircuit pins:
Circuit 1: sky130_fd_pr__pfet_01v8         |Circuit 2: sky130_fd_pr__pfet_01v8         
-------------------------------------------|-------------------------------------------
1                                          |1                                          
2                                          |2                                          
3                                          |3                                          
4                                          |4                                          
---------------------------------------------------------------------------------------
Cell pin lists are equivalent.
Device classes sky130_fd_pr__pfet_01v8 and sky130_fd_pr__pfet_01v8 are equivalent.
Flattening unmatched subcell inverter_3_1x4 in circuit start_buffer (0)(2 instances)
Flattening unmatched subcell inverter_3_1 in circuit start_buffer (0)(8 instances)
Flattening unmatched subcell sky130_fd_pr__nfet_01v8_6H9P4D in circuit start_buffer (0)(8 instances)
Flattening unmatched subcell sky130_fd_pr__pfet_01v8_2K9SAN in circuit start_buffer (0)(8 instances)

Class start_buffer (0):  Merged 10 parallel devices.
Subcircuit summary:
Circuit 1: start_buffer                    |Circuit 2: start_buffer                    
-------------------------------------------|-------------------------------------------
sky130_fd_pr__nfet_01v8 (8->3)             |sky130_fd_pr__nfet_01v8 (3)                
sky130_fd_pr__pfet_01v8 (8->3)             |sky130_fd_pr__pfet_01v8 (3)                
Number of devices: 6                       |Number of devices: 6                       
Number of nets: 6                          |Number of nets: 6                          
---------------------------------------------------------------------------------------
Netlists match uniquely.

Subcircuit pins:
Circuit 1: start_buffer                    |Circuit 2: start_buffer                    
-------------------------------------------|-------------------------------------------
start                                      |start                                      
start_delay                                |start_delay                                
VDD                                        |VDD                                        
VSS                                        |VSS                                        
start_buff                                 |start_buff                                 
---------------------------------------------------------------------------------------
Cell pin lists are equivalent.
Device classes start_buffer and start_buffer are equivalent.

Final result: Circuits match uniquely.
.
